[0m08:56:39.294685 [debug] [MainThread]: Sending event: {'category': 'dbt', 'action': 'invocation', 'label': 'start', 'context': [<snowplow_tracker.self_describing_json.SelfDescribingJson object at 0x7019ae88a6c0>, <snowplow_tracker.self_describing_json.SelfDescribingJson object at 0x7019afb45880>, <snowplow_tracker.self_describing_json.SelfDescribingJson object at 0x7019ae48acc0>]}


============================== 08:56:39.298945 | bdb86d4b-6045-4d32-8376-92759ffe890b ==============================
[0m08:56:39.298945 [info ] [MainThread]: Running with dbt=1.9.2
[0m08:56:39.299705 [debug] [MainThread]: running dbt with arguments {'printer_width': '80', 'indirect_selection': 'eager', 'write_json': 'True', 'log_cache_events': 'False', 'partial_parse': 'True', 'cache_selected_only': 'False', 'profiles_dir': '/home/codespace/.dbt', 'version_check': 'True', 'warn_error': 'None', 'log_path': 'logs', 'debug': 'False', 'fail_fast': 'False', 'use_colors': 'True', 'use_experimental_parser': 'False', 'no_print': 'None', 'quiet': 'False', 'empty': 'None', 'warn_error_options': 'WarnErrorOptions(include=[], exclude=[])', 'introspect': 'True', 'static_parser': 'True', 'log_format': 'default', 'target_path': 'None', 'invocation_command': 'dbt debug', 'send_anonymous_usage_stats': 'True'}
[0m08:56:39.310240 [info ] [MainThread]: dbt version: 1.9.2
[0m08:56:39.310795 [info ] [MainThread]: python version: 3.12.1
[0m08:56:39.311389 [info ] [MainThread]: python path: /usr/local/python/3.12.1/bin/python3
[0m08:56:39.311888 [info ] [MainThread]: os info: Linux-6.5.0-1025-azure-x86_64-with-glibc2.31
[0m08:56:40.124690 [info ] [MainThread]: Using profiles dir at /home/codespace/.dbt
[0m08:56:40.125377 [info ] [MainThread]: Using profiles.yml file at /home/codespace/.dbt/profiles.yml
[0m08:56:40.125980 [info ] [MainThread]: Using dbt_project.yml file at /workspaces/dbt/dbt_project.yml
[0m08:56:40.126506 [info ] [MainThread]: adapter type: bigquery
[0m08:56:40.127035 [info ] [MainThread]: adapter version: 1.9.1
[0m08:56:40.127571 [info ] [MainThread]: Configuration:
[0m08:56:40.128062 [info ] [MainThread]:   profiles.yml file [[32mOK found and valid[0m]
[0m08:56:40.128567 [info ] [MainThread]:   dbt_project.yml file [[31mERROR not found[0m]
[0m08:56:40.129067 [info ] [MainThread]: Required dependencies:
[0m08:56:40.129593 [debug] [MainThread]: Executing "git --help"
[0m08:56:40.132605 [debug] [MainThread]: STDOUT: "b"usage: git [-v | --version] [-h | --help] [-C <path>] [-c <name>=<value>]\n           [--exec-path[=<path>]] [--html-path] [--man-path] [--info-path]\n           [-p | --paginate | -P | --no-pager] [--no-replace-objects] [--no-lazy-fetch]\n           [--no-optional-locks] [--no-advice] [--bare] [--git-dir=<path>]\n           [--work-tree=<path>] [--namespace=<name>] [--config-env=<name>=<envvar>]\n           <command> [<args>]\n\nThese are common Git commands used in various situations:\n\nstart a working area (see also: git help tutorial)\n   clone     Clone a repository into a new directory\n   init      Create an empty Git repository or reinitialize an existing one\n\nwork on the current change (see also: git help everyday)\n   add       Add file contents to the index\n   mv        Move or rename a file, a directory, or a symlink\n   restore   Restore working tree files\n   rm        Remove files from the working tree and from the index\n\nexamine the history and state (see also: git help revisions)\n   bisect    Use binary search to find the commit that introduced a bug\n   diff      Show changes between commits, commit and working tree, etc\n   grep      Print lines matching a pattern\n   log       Show commit logs\n   show      Show various types of objects\n   status    Show the working tree status\n\ngrow, mark and tweak your common history\n   branch    List, create, or delete branches\n   commit    Record changes to the repository\n   merge     Join two or more development histories together\n   rebase    Reapply commits on top of another base tip\n   reset     Reset current HEAD to the specified state\n   switch    Switch branches\n   tag       Create, list, delete or verify a tag object signed with GPG\n\ncollaborate (see also: git help workflows)\n   fetch     Download objects and refs from another repository\n   pull      Fetch from and integrate with another repository or a local branch\n   push      Update remote refs along with associated objects\n\n'git help -a' and 'git help -g' list available subcommands and some\nconcept guides. See 'git help <command>' or 'git help <concept>'\nto read about a specific subcommand or concept.\nSee 'git help git' for an overview of the system.\n""
[0m08:56:40.133139 [debug] [MainThread]: STDERR: "b''"
[0m08:56:40.133575 [info ] [MainThread]:  - git [[32mOK found[0m]

[0m08:56:40.134082 [info ] [MainThread]: Connection:
[0m08:56:40.134601 [info ] [MainThread]:   method: service-account
[0m08:56:40.135126 [info ] [MainThread]:   database: kestra-week2
[0m08:56:40.135614 [info ] [MainThread]:   execution_project: kestra-week2
[0m08:56:40.136100 [info ] [MainThread]:   schema: hw4
[0m08:56:40.136582 [info ] [MainThread]:   location: None
[0m08:56:40.137066 [info ] [MainThread]:   priority: None
[0m08:56:40.137549 [info ] [MainThread]:   maximum_bytes_billed: None
[0m08:56:40.138026 [info ] [MainThread]:   impersonate_service_account: None
[0m08:56:40.138519 [info ] [MainThread]:   job_retry_deadline_seconds: None
[0m08:56:40.139041 [info ] [MainThread]:   job_retries: 1
[0m08:56:40.139612 [info ] [MainThread]:   job_creation_timeout_seconds: None
[0m08:56:40.140175 [info ] [MainThread]:   job_execution_timeout_seconds: None
[0m08:56:40.140755 [info ] [MainThread]:   timeout_seconds: None
[0m08:56:40.141415 [info ] [MainThread]:   client_id: None
[0m08:56:40.142018 [info ] [MainThread]:   token_uri: None
[0m08:56:40.142568 [info ] [MainThread]:   dataproc_region: None
[0m08:56:40.143082 [info ] [MainThread]:   dataproc_cluster_name: None
[0m08:56:40.143629 [info ] [MainThread]:   gcs_bucket: None
[0m08:56:40.144121 [info ] [MainThread]:   dataproc_batch: None
[0m08:56:40.144733 [info ] [MainThread]: Registered adapter: bigquery=1.9.1
[0m08:56:40.301865 [debug] [MainThread]: Acquiring new bigquery connection 'debug'
[0m08:56:40.302699 [debug] [MainThread]: On debug: select 1 as id
[0m08:56:40.303460 [debug] [MainThread]: Opening a new connection, currently in state init
[0m08:56:41.130157 [debug] [MainThread]: BigQuery adapter: https://console.cloud.google.com/bigquery?project=kestra-week2&j=bq:US:4ff903fe-971a-4793-91a9-830d83f93ced&page=queryresults
[0m08:56:41.499205 [info ] [MainThread]:   Connection test: [[32mOK connection ok[0m]

[0m08:56:41.499920 [info ] [MainThread]: [31m1 check failed:[0m
[0m08:56:41.500470 [info ] [MainThread]: Project loading failed for the following reason:
 project path </workspaces/dbt/dbt_project.yml> not found

[0m08:56:41.502714 [debug] [MainThread]: Resource report: {"command_name": "debug", "command_success": false, "command_wall_clock_time": 2.2686474, "process_in_blocks": "2384", "process_kernel_time": 0.37323, "process_mem_max_rss": "209492", "process_out_blocks": "24", "process_user_time": 2.26289}
[0m08:56:41.503370 [debug] [MainThread]: Command `dbt debug` failed at 08:56:41.503253 after 2.27 seconds
[0m08:56:41.503856 [debug] [MainThread]: Connection 'debug' was properly closed.
[0m08:56:41.504361 [debug] [MainThread]: Sending event: {'category': 'dbt', 'action': 'invocation', 'label': 'end', 'context': [<snowplow_tracker.self_describing_json.SelfDescribingJson object at 0x7019ade773e0>, <snowplow_tracker.self_describing_json.SelfDescribingJson object at 0x70199d286570>, <snowplow_tracker.self_describing_json.SelfDescribingJson object at 0x7019adf0b350>]}
[0m08:56:41.504922 [debug] [MainThread]: Flushing usage events
[0m08:56:41.564606 [debug] [MainThread]: An error was encountered while trying to flush usage events
[0m09:30:39.480457 [debug] [MainThread]: Sending event: {'category': 'dbt', 'action': 'invocation', 'label': 'start', 'context': [<snowplow_tracker.self_describing_json.SelfDescribingJson object at 0x7080fedff050>, <snowplow_tracker.self_describing_json.SelfDescribingJson object at 0x7080fe9580e0>, <snowplow_tracker.self_describing_json.SelfDescribingJson object at 0x7080fe3d8650>]}


============================== 09:30:39.484190 | b5344d66-1a44-4621-9996-47b7d25daaf7 ==============================
[0m09:30:39.484190 [info ] [MainThread]: Running with dbt=1.9.2
[0m09:30:39.484923 [debug] [MainThread]: running dbt with arguments {'printer_width': '80', 'indirect_selection': 'eager', 'log_cache_events': 'False', 'write_json': 'True', 'partial_parse': 'True', 'cache_selected_only': 'False', 'profiles_dir': '/home/codespace/.dbt', 'debug': 'False', 'version_check': 'True', 'log_path': 'logs', 'warn_error': 'None', 'fail_fast': 'False', 'use_colors': 'True', 'use_experimental_parser': 'False', 'no_print': 'None', 'quiet': 'False', 'empty': 'False', 'warn_error_options': 'WarnErrorOptions(include=[], exclude=[])', 'introspect': 'True', 'static_parser': 'True', 'invocation_command': 'dbt run', 'target_path': 'None', 'log_format': 'default', 'send_anonymous_usage_stats': 'True'}
[0m09:30:39.485529 [error] [MainThread]: Encountered an error:
Runtime Error
  No dbt_project.yml found at expected path /workspaces/dbt/dbt_project.yml
  Verify that each entry within packages.yml (and their transitive dependencies) contains a file named dbt_project.yml
  
[0m09:30:39.486588 [debug] [MainThread]: Resource report: {"command_name": "run", "command_success": false, "command_wall_clock_time": 0.091015525, "process_in_blocks": "696", "process_kernel_time": 0.214832, "process_mem_max_rss": "87096", "process_out_blocks": "16", "process_user_time": 1.444152}
[0m09:30:39.487194 [debug] [MainThread]: Command `dbt run` failed at 09:30:39.487079 after 0.09 seconds
[0m09:30:39.487663 [debug] [MainThread]: Sending event: {'category': 'dbt', 'action': 'invocation', 'label': 'end', 'context': [<snowplow_tracker.self_describing_json.SelfDescribingJson object at 0x708101a1faa0>, <snowplow_tracker.self_describing_json.SelfDescribingJson object at 0x708101a1fad0>, <snowplow_tracker.self_describing_json.SelfDescribingJson object at 0x7080fe4c2db0>]}
[0m09:30:39.488144 [debug] [MainThread]: Flushing usage events
[0m09:30:39.561792 [debug] [MainThread]: An error was encountered while trying to flush usage events
